#
# A fatal error has been detected by the Java Runtime Environment:
#
#  Internal Error (c:/BuildAgent/work/5ff2f6c26000d570/src/hotspot/share/interpreter/interpreterRuntime.cpp:827), pid=6660, tid=5224
#  Error: ShouldNotReachHere()
#
# JRE version: OpenJDK Runtime Environment (11.0.5+10) (build 11.0.5+10-b520.38)
# Java VM: OpenJDK 64-Bit Server VM (11.0.5+10-b520.38, mixed mode, sharing, tiered, compressed oops, concurrent mark sweep gc, windows-amd64)
# No core dump will be written. Minidumps are not enabled by default on client versions of Windows
#
# If you would like to submit a bug report, please visit:
#   http://bugreport.java.com/bugreport/crash.jsp
# The crash happened outside the Java Virtual Machine in native code.
# See problematic frame for where to report the bug.
#

---------------  S U M M A R Y ------------

Command Line: exit -Xms128m -Xmx1011m -XX:ReservedCodeCacheSize=240m -XX:+UseConcMarkSweepGC -XX:SoftRefLRUPolicyMSPerMB=50 -ea -XX:CICompilerCount=2 -Dsun.io.useCanonPrefixCache=false -Djava.net.preferIPv4Stack=true -Djdk.http.auth.tunneling.disabledSchemes="" -XX:+HeapDumpOnOutOfMemoryError -XX:-OmitStackTraceInFastThrow -Djdk.attach.allowAttachSelf=true -Dkotlinx.coroutines.debug=off -Djdk.module.illegalAccess.silent=true -Djb.vmOptionsFile=C:\Users\hp2\.PhpStorm2019.3\config\phpstorm64.exe.vmoptions -Djava.library.path=C:\Program Files\JetBrains\PhpStorm 2019.3.3\jbr\\bin;C:\Program Files\JetBrains\PhpStorm 2019.3.3\jbr\\bin\server -Didea.platform.prefix=PhpStorm -Dide.native.launcher=true -Didea.paths.selector=PhpStorm2019.3 -XX:ErrorFile=C:\Users\hp2\java_error_in_phpstorm_%p.log -XX:HeapDumpPath=C:\Users\hp2\java_error_in_phpstorm.hprof 

Host: Intel(R) Core(TM) i7-4610M CPU @ 3.00GHz, 4 cores, 7G,  Windows 10 , 64 bit Build 18362 (10.0.18362.778)
Time: Sun Jun  7 16:10:31 2020 E. Africa Standard Time elapsed time: 3225 seconds (0d 0h 53m 45s)

---------------  T H R E A D  ---------------

Current thread (0x0000000001dcd000):  JavaThread "main" [_thread_in_native, id=5224, stack(0x0000000000050000,0x0000000000150000)]

Stack: [0x0000000000050000,0x0000000000150000]
Native frames: (J=compiled Java code, j=interpreted, Vv=VM code, C=native code)
V  [jvm.dll+0x5dcafa]
V  [jvm.dll+0x70e375]
V  [jvm.dll+0x70f898]
V  [jvm.dll+0x70ff17]
V  [jvm.dll+0x23e18c]
V  [jvm.dll+0x23e0f3]
V  [jvm.dll+0x36a3c2]
C  0x0000000005efd504

Java frames: (J=compiled Java code, j=interpreted, Vv=VM code)
j  jdk.internal.loader.BuiltinClassLoader.loadClassOrNull(Ljava/lang/String;Z)Ljava/lang/Class;+142 java.base@11.0.5
j  jdk.internal.loader.BuiltinClassLoader.loadClass(Ljava/lang/String;Z)Ljava/lang/Class;+3 java.base@11.0.5
j  jdk.internal.loader.ClassLoaders$AppClassLoader.loadClass(Ljava/lang/String;Z)Ljava/lang/Class;+36 java.base@11.0.5
j  java.lang.ClassLoader.loadClass(Ljava/lang/String;)Ljava/lang/Class;+3 java.base@11.0.5
v  ~StubRoutines::call_stub

---------------  P R O C E S S  ---------------

Threads class SMR info:
_java_thread_list=0x0000000019b99cc0, length=10, elements={
0x0000000001dcd000, 0x0000000018b2c000, 0x0000000018b36000, 0x0000000018b44800,
0x0000000018b45800, 0x0000000018b48000, 0x0000000019ab9800, 0x0000000019aba800,
0x0000000019b9d800, 0x0000000019ba3800
}

Java Threads: ( => current thread )
=>0x0000000001dcd000 JavaThread "main" [_thread_in_native, id=5224, stack(0x0000000000050000,0x0000000000150000)]
  0x0000000018b2c000 JavaThread "Reference Handler" daemon [_thread_blocked, id=2952, stack(0x0000000019450000,0x0000000019550000)]
  0x0000000018b36000 JavaThread "Finalizer" daemon [_thread_blocked, id=6436, stack(0x0000000019550000,0x0000000019650000)]
  0x0000000018b44800 JavaThread "Signal Dispatcher" daemon [_thread_blocked, id=4940, stack(0x0000000019750000,0x0000000019850000)]
  0x0000000018b45800 JavaThread "Attach Listener" daemon [_thread_blocked, id=3448, stack(0x0000000019850000,0x0000000019950000)]
  0x0000000018b48000 JavaThread "C2 CompilerThread0" daemon [_thread_blocked, id=9080, stack(0x0000000019950000,0x0000000019a50000)]
  0x0000000019ab9800 JavaThread "C1 CompilerThread0" daemon [_thread_blocked, id=10552, stack(0x0000000019e50000,0x0000000019f50000)]
  0x0000000019aba800 JavaThread "Sweeper thread" daemon [_thread_blocked, id=7416, stack(0x0000000019f50000,0x000000001a050000)]
  0x0000000019b9d800 JavaThread "Service Thread" daemon [_thread_blocked, id=6148, stack(0x000000001a050000,0x000000001a150000)]
  0x0000000019ba3800 JavaThread "Common-Cleaner" daemon [_thread_blocked, id=7604, stack(0x000000001a350000,0x000000001a450000)]

Other Threads:
  0x0000000018b24800 VMThread "VM Thread" [stack: 0x0000000019350000,0x0000000019450000] [id=4156]
  0x0000000019b9e800 WatcherThread [stack: 0x000000001a150000,0x000000001a250000] [id=11196]
  0x0000000001de1800 GCTaskThread "GC Thread#0" [stack: 0x00000000150d0000,0x00000000151d0000] [id=5020]
  0x0000000019baa800 GCTaskThread "GC Thread#1" [stack: 0x000000001a450000,0x000000001a550000] [id=10068]
  0x0000000001e22800 ConcurrentGCThread "CMS Main Thread" [stack: 0x0000000018850000,0x0000000018950000] [id=3044]

Threads with active compile tasks:

VM state:not at safepoint (normal execution)

VM Mutex/Monitor currently owned by a thread: None

Heap address: 0x00000000c0c00000, size: 1012 MB, Compressed Oops mode: 32-bit
Narrow klass base: 0x0000000800000000, Narrow klass shift: 3
Compressed class space size: 1073741824 Address: 0x0000000840000000

Heap:
 par new generation   total 39296K, used 27239K [0x00000000c0c00000, 0x00000000c36a0000, 0x00000000d58c0000)
  eden space 34944K,  77% used [0x00000000c0c00000, 0x00000000c2699678, 0x00000000c2e20000)
  from space 4352K,   0% used [0x00000000c3260000, 0x00000000c3260810, 0x00000000c36a0000)
  to   space 4352K,   0% used [0x00000000c2e20000, 0x00000000c2e20000, 0x00000000c3260000)
 concurrent mark-sweep generation total 87424K, used 689K [0x00000000d58c0000, 0x00000000dae20000, 0x0000000100000000)
 Metaspace       used 279K, capacity 4550K, committed 4864K, reserved 1056768K
  class space    used 15K, capacity 386K, committed 512K, reserved 1048576K

Card table byte_map: [0x00000000151d0000,0x00000000153d0000] _byte_map_base: 0x0000000014bca000

Marking Bits: (CMSBitMap*) 0x0000000001e21d20
 Bits: [0x0000000015970000, 0x000000001640d000)

Mod Union Table: (CMSBitMap*) 0x0000000001e21dc0
 Bits: [0x0000000001eb0000, 0x0000000001eda740)

Polling page: 0x0000000001e80000

Metaspace:

Usage:
  Non-class:      4.07 MB capacity,   263.98 KB (  6%) used,     3.81 MB ( 94%) free+waste,   192 bytes ( <1%) overhead. 
      Class:    386.00 KB capacity,    15.96 KB (  4%) used,   369.91 KB ( 96%) free+waste,   128 bytes ( <1%) overhead. 
       Both:      4.44 MB capacity,   279.95 KB (  6%) used,     4.17 MB ( 94%) free+waste,   320 bytes ( <1%) overhead. 

Virtual space:
  Non-class space:        8.00 MB reserved,       4.25 MB ( 53%) committed 
      Class space:        1.00 GB reserved,     512.00 KB ( <1%) committed 
             Both:        1.01 GB reserved,       4.75 MB ( <1%) committed 

Chunk freelists:
   Non-Class:  60.00 KB
       Class:  0 bytes
        Both:  60.00 KB

MaxMetaspaceSize: 17179869184.00 GB
CompressedClassSpaceSize: 1.00 GB

CodeHeap 'non-profiled nmethods': size=120064Kb used=26Kb max_used=26Kb free=120037Kb
 bounds [0x000000000d9b0000, 0x000000000dc20000, 0x0000000014ef0000]
CodeHeap 'profiled nmethods': size=120000Kb used=143Kb max_used=143Kb free=119856Kb
 bounds [0x0000000006480000, 0x00000000066f0000, 0x000000000d9b0000]
CodeHeap 'non-nmethods': size=5696Kb used=1025Kb max_used=1037Kb free=4670Kb
 bounds [0x0000000005ef0000, 0x0000000006160000, 0x0000000006480000]
 total_blobs=711 nmethods=105 adapters=205
 compilation: enabled
              stopped_count=0, restarted_count=0
 full_count=0

Compilation events (20 events):
Event: 0.479 Thread 0x0000000019ab9800   95       3       java.lang.CharacterDataLatin1::getProperties (11 bytes)
Event: 0.479 Thread 0x0000000019ab9800 nmethod 95 0x00000000064a0f90 code [0x00000000064a1140, 0x00000000064a12f8]
Event: 0.492 Thread 0x0000000019ab9800   96       3       java.lang.Character::toLowerCase (9 bytes)
Event: 0.492 Thread 0x0000000019ab9800 nmethod 96 0x00000000064a1410 code [0x00000000064a15e0, 0x00000000064a1840]
Event: 0.492 Thread 0x0000000019ab9800   97       3       java.lang.CharacterDataLatin1::toLowerCase (39 bytes)
Event: 0.493 Thread 0x0000000019ab9800 nmethod 97 0x00000000064a1910 code [0x00000000064a1ae0, 0x00000000064a1d98]
Event: 0.496 Thread 0x0000000019ab9800   98       3       java.util.zip.ZipUtils::SH (21 bytes)
Event: 0.497 Thread 0x0000000019ab9800 nmethod 98 0x00000000064a1f10 code [0x00000000064a20c0, 0x00000000064a2258]
Event: 0.536 Thread 0x0000000019ab9800   99       3       java.lang.IllegalMonitorStateException::<init> (5 bytes)
Event: 0.536 Thread 0x0000000019ab9800 nmethod 99 0x00000000064a2390 code [0x00000000064a2560, 0x00000000064a27d0]
Event: 0.536 Thread 0x0000000019ab9800  100       3       java.lang.RuntimeException::<init> (5 bytes)
Event: 0.536 Thread 0x0000000019ab9800 nmethod 100 0x00000000064a2890 code [0x00000000064a2a60, 0x00000000064a2e10]
Event: 0.538 Thread 0x0000000019ab9800  102       3       java.lang.Throwable::<init> (29 bytes)
Event: 0.538 Thread 0x0000000019ab9800 nmethod 102 0x00000000064a2f10 code [0x00000000064a3100, 0x00000000064a36d0]
Event: 0.538 Thread 0x0000000019ab9800  103  s    3       java.lang.Throwable::fillInStackTrace (29 bytes)
Event: 0.539 Thread 0x0000000019ab9800 nmethod 103 0x00000000064a3810 code [0x00000000064a39e0, 0x00000000064a3dd0]
Event: 0.618 Thread 0x0000000018b48000  104       4       java.lang.IllegalMonitorStateException::<init> (5 bytes)
Event: 0.621 Thread 0x0000000018b48000 nmethod 104 0x000000000d9b5d10 code [0x000000000d9b5ec0, 0x000000000d9b6228]
Event: 0.621 Thread 0x0000000018b48000  105       4       java.lang.Throwable::<init> (29 bytes)
Event: 0.624 Thread 0x0000000018b48000 nmethod 105 0x000000000d9b6390 code [0x000000000d9b6540, 0x000000000d9b68a8]

GC Heap History (20 events):
Event: 3220.336 GC heap before
{Heap before GC invocations=8385 (full 0):
 par new generation   total 39296K, used 34946K [0x00000000c0c00000, 0x00000000c36a0000, 0x00000000d58c0000)
  eden space 34944K, 100% used [0x00000000c0c00000, 0x00000000c2e20000, 0x00000000c2e20000)
  from space 4352K,   0% used [0x00000000c3260000, 0x00000000c3260810, 0x00000000c36a0000)
  to   space 4352K,   0% used [0x00000000c2e20000, 0x00000000c2e20000, 0x00000000c3260000)
 concurrent mark-sweep generation total 87424K, used 689K [0x00000000d58c0000, 0x00000000dae20000, 0x0000000100000000)
 Metaspace       used 279K, capacity 4550K, committed 4864K, reserved 1056768K
  class space    used 15K, capacity 386K, committed 512K, reserved 1048576K
}
Event: 3220.336 GC heap after
{Heap after GC invocations=8386 (full 0):
 par new generation   total 39296K, used 2K [0x00000000c0c00000, 0x00000000c36a0000, 0x00000000d58c0000)
  eden space 34944K,   0% used [0x00000000c0c00000, 0x00000000c0c00000, 0x00000000c2e20000)
  from space 4352K,   0% used [0x00000000c2e20000, 0x00000000c2e20810, 0x00000000c3260000)
  to   space 4352K,   0% used [0x00000000c3260000, 0x00000000c3260000, 0x00000000c36a0000)
 concurrent mark-sweep generation total 87424K, used 689K [0x00000000d58c0000, 0x00000000dae20000, 0x0000000100000000)
 Metaspace       used 279K, capacity 4550K, committed 4864K, reserved 1056768K
  class space    used 15K, capacity 386K, committed 512K, reserved 1048576K
}
Event: 3220.754 GC heap before
{Heap before GC invocations=8386 (full 0):
 par new generation   total 39296K, used 34946K [0x00000000c0c00000, 0x00000000c36a0000, 0x00000000d58c0000)
  eden space 34944K, 100% used [0x00000000c0c00000, 0x00000000c2e20000, 0x00000000c2e20000)
  from space 4352K,   0% used [0x00000000c2e20000, 0x00000000c2e20810, 0x00000000c3260000)
  to   space 4352K,   0% used [0x00000000c3260000, 0x00000000c3260000, 0x00000000c36a0000)
 concurrent mark-sweep generation total 87424K, used 689K [0x00000000d58c0000, 0x00000000dae20000, 0x0000000100000000)
 Metaspace       used 279K, capacity 4550K, committed 4864K, reserved 1056768K
  class space    used 15K, capacity 386K, committed 512K, reserved 1048576K
}
Event: 3220.754 GC heap after
{Heap after GC invocations=8387 (full 0):
 par new generation   total 39296K, used 2K [0x00000000c0c00000, 0x00000000c36a0000, 0x00000000d58c0000)
  eden space 34944K,   0% used [0x00000000c0c00000, 0x00000000c0c00000, 0x00000000c2e20000)
  from space 4352K,   0% used [0x00000000c3260000, 0x00000000c3260810, 0x00000000c36a0000)
  to   space 4352K,   0% used [0x00000000c2e20000, 0x00000000c2e20000, 0x00000000c3260000)
 concurrent mark-sweep generation total 87424K, used 689K [0x00000000d58c0000, 0x00000000dae20000, 0x0000000100000000)
 Metaspace       used 279K, capacity 4550K, committed 4864K, reserved 1056768K
  class space    used 15K, capacity 386K, committed 512K, reserved 1048576K
}
Event: 3221.218 GC heap before
{Heap before GC invocations=8387 (full 0):
 par new generation   total 39296K, used 34946K [0x00000000c0c00000, 0x00000000c36a0000, 0x00000000d58c0000)
  eden space 34944K, 100% used [0x00000000c0c00000, 0x00000000c2e20000, 0x00000000c2e20000)
  from space 4352K,   0% used [0x00000000c3260000, 0x00000000c3260810, 0x00000000c36a0000)
  to   space 4352K,   0% used [0x00000000c2e20000, 0x00000000c2e20000, 0x00000000c3260000)
 concurrent mark-sweep generation total 87424K, used 689K [0x00000000d58c0000, 0x00000000dae20000, 0x0000000100000000)
 Metaspace       used 279K, capacity 4550K, committed 4864K, reserved 1056768K
  class space    used 15K, capacity 386K, committed 512K, reserved 1048576K
}
Event: 3221.218 GC heap after
{Heap after GC invocations=8388 (full 0):
 par new generation   total 39296K, used 2K [0x00000000c0c00000, 0x00000000c36a0000, 0x00000000d58c0000)
  eden space 34944K,   0% used [0x00000000c0c00000, 0x00000000c0c00000, 0x00000000c2e20000)
  from space 4352K,   0% used [0x00000000c2e20000, 0x00000000c2e20810, 0x00000000c3260000)
  to   space 4352K,   0% used [0x00000000c3260000, 0x00000000c3260000, 0x00000000c36a0000)
 concurrent mark-sweep generation total 87424K, used 689K [0x00000000d58c0000, 0x00000000dae20000, 0x0000000100000000)
 Metaspace       used 279K, capacity 4550K, committed 4864K, reserved 1056768K
  class space    used 15K, capacity 386K, committed 512K, reserved 1048576K
}
Event: 3222.215 GC heap before
{Heap before GC invocations=8388 (full 0):
 par new generation   total 39296K, used 34946K [0x00000000c0c00000, 0x00000000c36a0000, 0x00000000d58c0000)
  eden space 34944K, 100% used [0x00000000c0c00000, 0x00000000c2e20000, 0x00000000c2e20000)
  from space 4352K,   0% used [0x00000000c2e20000, 0x00000000c2e20810, 0x00000000c3260000)
  to   space 4352K,   0% used [0x00000000c3260000, 0x00000000c3260000, 0x00000000c36a0000)
 concurrent mark-sweep generation total 87424K, used 689K [0x00000000d58c0000, 0x00000000dae20000, 0x0000000100000000)
 Metaspace       used 279K, capacity 4550K, committed 4864K, reserved 1056768K
  class space    used 15K, capacity 386K, committed 512K, reserved 1048576K
}
Event: 3222.216 GC heap after
{Heap after GC invocations=8389 (full 0):
 par new generation   total 39296K, used 2K [0x00000000c0c00000, 0x00000000c36a0000, 0x00000000d58c0000)
  eden space 34944K,   0% used [0x00000000c0c00000, 0x00000000c0c00000, 0x00000000c2e20000)
  from space 4352K,   0% used [0x00000000c3260000, 0x00000000c3260810, 0x00000000c36a0000)
  to   space 4352K,   0% used [0x00000000c2e20000, 0x00000000c2e20000, 0x00000000c3260000)
 concurrent mark-sweep generation total 87424K, used 689K [0x00000000d58c0000, 0x00000000dae20000, 0x0000000100000000)
 Metaspace       used 279K, capacity 4550K, committed 4864K, reserved 1056768K
  class space    used 15K, capacity 386K, committed 512K, reserved 1048576K
}
Event: 3222.800 GC heap before
{Heap before GC invocations=8389 (full 0):
 par new generation   total 39296K, used 34946K [0x00000000c0c00000, 0x00000000c36a0000, 0x00000000d58c0000)
  eden space 34944K, 100% used [0x00000000c0c00000, 0x00000000c2e20000, 0x00000000c2e20000)
  from space 4352K,   0% used [0x00000000c3260000, 0x00000000c3260810, 0x00000000c36a0000)
  to   space 4352K,   0% used [0x00000000c2e20000, 0x00000000c2e20000, 0x00000000c3260000)
 concurrent mark-sweep generation total 87424K, used 689K [0x00000000d58c0000, 0x00000000dae20000, 0x0000000100000000)
 Metaspace       used 279K, capacity 4550K, committed 4864K, reserved 1056768K
  class space    used 15K, capacity 386K, committed 512K, reserved 1048576K
}
Event: 3222.801 GC heap after
{Heap after GC invocations=8390 (full 0):
 par new generation   total 39296K, used 2K [0x00000000c0c00000, 0x00000000c36a0000, 0x00000000d58c0000)
  eden space 34944K,   0% used [0x00000000c0c00000, 0x00000000c0c00000, 0x00000000c2e20000)
  from space 4352K,   0% used [0x00000000c2e20000, 0x00000000c2e20810, 0x00000000c3260000)
  to   space 4352K,   0% used [0x00000000c3260000, 0x00000000c3260000, 0x00000000c36a0000)
 concurrent mark-sweep generation total 87424K, used 689K [0x00000000d58c0000, 0x00000000dae20000, 0x0000000100000000)
 Metaspace       used 279K, capacity 4550K, committed 4864K, reserved 1056768K
  class space    used 15K, capacity 386K, committed 512K, reserved 1048576K
}
Event: 3223.261 GC heap before
{Heap before GC invocations=8390 (full 0):
 par new generation   total 39296K, used 34946K [0x00000000c0c00000, 0x00000000c36a0000, 0x00000000d58c0000)
  eden space 34944K, 100% used [0x00000000c0c00000, 0x00000000c2e20000, 0x00000000c2e20000)
  from space 4352K,   0% used [0x00000000c2e20000, 0x00000000c2e20810, 0x00000000c3260000)
  to   space 4352K,   0% used [0x00000000c3260000, 0x00000000c3260000, 0x00000000c36a0000)
 concurrent mark-sweep generation total 87424K, used 689K [0x00000000d58c0000, 0x00000000dae20000, 0x0000000100000000)
 Metaspace       used 279K, capacity 4550K, committed 4864K, reserved 1056768K
  class space    used 15K, capacity 386K, committed 512K, reserved 1048576K
}
Event: 3223.261 GC heap after
{Heap after GC invocations=8391 (full 0):
 par new generation   total 39296K, used 2K [0x00000000c0c00000, 0x00000000c36a0000, 0x00000000d58c0000)
  eden space 34944K,   0% used [0x00000000c0c00000, 0x00000000c0c00000, 0x00000000c2e20000)
  from space 4352K,   0% used [0x00000000c3260000, 0x00000000c3260810, 0x00000000c36a0000)
  to   space 4352K,   0% used [0x00000000c2e20000, 0x00000000c2e20000, 0x00000000c3260000)
 concurrent mark-sweep generation total 87424K, used 689K [0x00000000d58c0000, 0x00000000dae20000, 0x0000000100000000)
 Metaspace       used 279K, capacity 4550K, committed 4864K, reserved 1056768K
  class space    used 15K, capacity 386K, committed 512K, reserved 1048576K
}
Event: 3223.702 GC heap before
{Heap before GC invocations=8391 (full 0):
 par new generation   total 39296K, used 34946K [0x00000000c0c00000, 0x00000000c36a0000, 0x00000000d58c0000)
  eden space 34944K, 100% used [0x00000000c0c00000, 0x00000000c2e20000, 0x00000000c2e20000)
  from space 4352K,   0% used [0x00000000c3260000, 0x00000000c3260810, 0x00000000c36a0000)
  to   space 4352K,   0% used [0x00000000c2e20000, 0x00000000c2e20000, 0x00000000c3260000)
 concurrent mark-sweep generation total 87424K, used 689K [0x00000000d58c0000, 0x00000000dae20000, 0x0000000100000000)
 Metaspace       used 279K, capacity 4550K, committed 4864K, reserved 1056768K
  class space    used 15K, capacity 386K, committed 512K, reserved 1048576K
}
Event: 3223.703 GC heap after
{Heap after GC invocations=8392 (full 0):
 par new generation   total 39296K, used 2K [0x00000000c0c00000, 0x00000000c36a0000, 0x00000000d58c0000)
  eden space 34944K,   0% used [0x00000000c0c00000, 0x00000000c0c00000, 0x00000000c2e20000)
  from space 4352K,   0% used [0x00000000c2e20000, 0x00000000c2e20810, 0x00000000c3260000)
  to   space 4352K,   0% used [0x00000000c3260000, 0x00000000c3260000, 0x00000000c36a0000)
 concurrent mark-sweep generation total 87424K, used 689K [0x00000000d58c0000, 0x00000000dae20000, 0x0000000100000000)
 Metaspace       used 279K, capacity 4550K, committed 4864K, reserved 1056768K
  class space    used 15K, capacity 386K, committed 512K, reserved 1048576K
}
Event: 3224.083 GC heap before
{Heap before GC invocations=8392 (full 0):
 par new generation   total 39296K, used 34946K [0x00000000c0c00000, 0x00000000c36a0000, 0x00000000d58c0000)
  eden space 34944K, 100% used [0x00000000c0c00000, 0x00000000c2e20000, 0x00000000c2e20000)
  from space 4352K,   0% used [0x00000000c2e20000, 0x00000000c2e20810, 0x00000000c3260000)
  to   space 4352K,   0% used [0x00000000c3260000, 0x00000000c3260000, 0x00000000c36a0000)
 concurrent mark-sweep generation total 87424K, used 689K [0x00000000d58c0000, 0x00000000dae20000, 0x0000000100000000)
 Metaspace       used 279K, capacity 4550K, committed 4864K, reserved 1056768K
  class space    used 15K, capacity 386K, committed 512K, reserved 1048576K
}
Event: 3224.084 GC heap after
{Heap after GC invocations=8393 (full 0):
 par new generation   total 39296K, used 2K [0x00000000c0c00000, 0x00000000c36a0000, 0x00000000d58c0000)
  eden space 34944K,   0% used [0x00000000c0c00000, 0x00000000c0c00000, 0x00000000c2e20000)
  from space 4352K,   0% used [0x00000000c3260000, 0x00000000c3260810, 0x00000000c36a0000)
  to   space 4352K,   0% used [0x00000000c2e20000, 0x00000000c2e20000, 0x00000000c3260000)
 concurrent mark-sweep generation total 87424K, used 689K [0x00000000d58c0000, 0x00000000dae20000, 0x0000000100000000)
 Metaspace       used 279K, capacity 4550K, committed 4864K, reserved 1056768K
  class space    used 15K, capacity 386K, committed 512K, reserved 1048576K
}
Event: 3224.556 GC heap before
{Heap before GC invocations=8393 (full 0):
 par new generation   total 39296K, used 34946K [0x00000000c0c00000, 0x00000000c36a0000, 0x00000000d58c0000)
  eden space 34944K, 100% used [0x00000000c0c00000, 0x00000000c2e20000, 0x00000000c2e20000)
  from space 4352K,   0% used [0x00000000c3260000, 0x00000000c3260810, 0x00000000c36a0000)
  to   space 4352K,   0% used [0x00000000c2e20000, 0x00000000c2e20000, 0x00000000c3260000)
 concurrent mark-sweep generation total 87424K, used 689K [0x00000000d58c0000, 0x00000000dae20000, 0x0000000100000000)
 Metaspace       used 279K, capacity 4550K, committed 4864K, reserved 1056768K
  class space    used 15K, capacity 386K, committed 512K, reserved 1048576K
}
Event: 3224.556 GC heap after
{Heap after GC invocations=8394 (full 0):
 par new generation   total 39296K, used 2K [0x00000000c0c00000, 0x00000000c36a0000, 0x00000000d58c0000)
  eden space 34944K,   0% used [0x00000000c0c00000, 0x00000000c0c00000, 0x00000000c2e20000)
  from space 4352K,   0% used [0x00000000c2e20000, 0x00000000c2e20810, 0x00000000c3260000)
  to   space 4352K,   0% used [0x00000000c3260000, 0x00000000c3260000, 0x00000000c36a0000)
 concurrent mark-sweep generation total 87424K, used 689K [0x00000000d58c0000, 0x00000000dae20000, 0x0000000100000000)
 Metaspace       used 279K, capacity 4550K, committed 4864K, reserved 1056768K
  class space    used 15K, capacity 386K, committed 512K, reserved 1048576K
}
Event: 3225.102 GC heap before
{Heap before GC invocations=8394 (full 0):
 par new generation   total 39296K, used 34946K [0x00000000c0c00000, 0x00000000c36a0000, 0x00000000d58c0000)
  eden space 34944K, 100% used [0x00000000c0c00000, 0x00000000c2e20000, 0x00000000c2e20000)
  from space 4352K,   0% used [0x00000000c2e20000, 0x00000000c2e20810, 0x00000000c3260000)
  to   space 4352K,   0% used [0x00000000c3260000, 0x00000000c3260000, 0x00000000c36a0000)
 concurrent mark-sweep generation total 87424K, used 689K [0x00000000d58c0000, 0x00000000dae20000, 0x0000000100000000)
 Metaspace       used 279K, capacity 4550K, committed 4864K, reserved 1056768K
  class space    used 15K, capacity 386K, committed 512K, reserved 1048576K
}
Event: 3225.103 GC heap after
{Heap after GC invocations=8395 (full 0):
 par new generation   total 39296K, used 2K [0x00000000c0c00000, 0x00000000c36a0000, 0x00000000d58c0000)
  eden space 34944K,   0% used [0x00000000c0c00000, 0x00000000c0c00000, 0x00000000c2e20000)
  from space 4352K,   0% used [0x00000000c3260000, 0x00000000c3260810, 0x00000000c36a0000)
  to   space 4352K,   0% used [0x00000000c2e20000, 0x00000000c2e20000, 0x00000000c3260000)
 concurrent mark-sweep generation total 87424K, used 689K [0x00000000d58c0000, 0x00000000dae20000, 0x0000000100000000)
 Metaspace       used 279K, capacity 4550K, committed 4864K, reserved 1056768K
  class space    used 15K, capacity 386K, committed 512K, reserved 1048576K
}

Deoptimization events (4 events):
Event: 0.373 Thread 0x0000000001dcd000 Uncommon trap: trap_request=0xffffff4d fr.pc=0x000000000d9b4dd8 relative=0x00000000000001b8
Event: 0.373 Thread 0x0000000001dcd000 Uncommon trap: reason=unstable_if action=reinterpret pc=0x000000000d9b4dd8 method=java.lang.String.hashCode()I @ 14 c2
Event: 0.374 Thread 0x0000000001dcd000 DEOPT PACKING pc=0x000000000d9b4dd8 sp=0x000000000014e0f0
Event: 0.374 Thread 0x0000000001dcd000 DEOPT UNPACKING pc=0x0000000005f18a2f sp=0x000000000014e088 mode 2

Classes redefined (0 events):
No events

Internal exceptions (20 events):
Event: 3225.530 Thread 0x0000000001dcd000 Exception <a 'java/lang/IllegalMonitorStateException'{0x00000000c24a2ec0}> (0x00000000c24a2ec0) thrown at [c:/BuildAgent/work/5ff2f6c26000d570/src/hotspot/share/interpreter/interpreterRuntime.cpp, line 797]
Event: 3225.530 Thread 0x0000000001dcd000 Exception <a 'java/lang/IllegalMonitorStateException'{0x00000000c24a3190}> (0x00000000c24a3190) thrown at [c:/BuildAgent/work/5ff2f6c26000d570/src/hotspot/share/interpreter/interpreterRuntime.cpp, line 797]
Event: 3225.530 Thread 0x0000000001dcd000 Exception <a 'java/lang/IllegalMonitorStateException'{0x00000000c24a3460}> (0x00000000c24a3460) thrown at [c:/BuildAgent/work/5ff2f6c26000d570/src/hotspot/share/interpreter/interpreterRuntime.cpp, line 797]
Event: 3225.530 Thread 0x0000000001dcd000 Exception <a 'java/lang/IllegalMonitorStateException'{0x00000000c24a3730}> (0x00000000c24a3730) thrown at [c:/BuildAgent/work/5ff2f6c26000d570/src/hotspot/share/interpreter/interpreterRuntime.cpp, line 797]
Event: 3225.530 Thread 0x0000000001dcd000 Exception <a 'java/lang/IllegalMonitorStateException'{0x00000000c24a3a00}> (0x00000000c24a3a00) thrown at [c:/BuildAgent/work/5ff2f6c26000d570/src/hotspot/share/interpreter/interpreterRuntime.cpp, line 797]
Event: 3225.530 Thread 0x0000000001dcd000 Exception <a 'java/lang/IllegalMonitorStateException'{0x00000000c24a3cd0}> (0x00000000c24a3cd0) thrown at [c:/BuildAgent/work/5ff2f6c26000d570/src/hotspot/share/interpreter/interpreterRuntime.cpp, line 797]
Event: 3225.530 Thread 0x0000000001dcd000 Exception <a 'java/lang/IllegalMonitorStateException'{0x00000000c24a3fa0}> (0x00000000c24a3fa0) thrown at [c:/BuildAgent/work/5ff2f6c26000d570/src/hotspot/share/interpreter/interpreterRuntime.cpp, line 797]
Event: 3225.530 Thread 0x0000000001dcd000 Exception <a 'java/lang/IllegalMonitorStateException'{0x00000000c24a4270}> (0x00000000c24a4270) thrown at [c:/BuildAgent/work/5ff2f6c26000d570/src/hotspot/share/interpreter/interpreterRuntime.cpp, line 797]
Event: 3225.530 Thread 0x0000000001dcd000 Exception <a 'java/lang/IllegalMonitorStateException'{0x00000000c24a4540}> (0x00000000c24a4540) thrown at [c:/BuildAgent/work/5ff2f6c26000d570/src/hotspot/share/interpreter/interpreterRuntime.cpp, line 797]
Event: 3225.530 Thread 0x0000000001dcd000 Exception <a 'java/lang/IllegalMonitorStateException'{0x00000000c24a4810}> (0x00000000c24a4810) thrown at [c:/BuildAgent/work/5ff2f6c26000d570/src/hotspot/share/interpreter/interpreterRuntime.cpp, line 797]
Event: 3225.530 Thread 0x0000000001dcd000 Exception <a 'java/lang/IllegalMonitorStateException'{0x00000000c24a4ae0}> (0x00000000c24a4ae0) thrown at [c:/BuildAgent/work/5ff2f6c26000d570/src/hotspot/share/interpreter/interpreterRuntime.cpp, line 797]
Event: 3225.530 Thread 0x0000000001dcd000 Exception <a 'java/lang/IllegalMonitorStateException'{0x00000000c24a4db0}> (0x00000000c24a4db0) thrown at [c:/BuildAgent/work/5ff2f6c26000d570/src/hotspot/share/interpreter/interpreterRuntime.cpp, line 797]
Event: 3225.530 Thread 0x0000000001dcd000 Exception <a 'java/lang/IllegalMonitorStateException'{0x00000000c24a5080}> (0x00000000c24a5080) thrown at [c:/BuildAgent/work/5ff2f6c26000d570/src/hotspot/share/interpreter/interpreterRuntime.cpp, line 797]
Event: 3225.530 Thread 0x0000000001dcd000 Exception <a 'java/lang/IllegalMonitorStateException'{0x00000000c24a5350}> (0x00000000c24a5350) thrown at [c:/BuildAgent/work/5ff2f6c26000d570/src/hotspot/share/interpreter/interpreterRuntime.cpp, line 797]
Event: 3225.530 Thread 0x0000000001dcd000 Exception <a 'java/lang/IllegalMonitorStateException'{0x00000000c24a5620}> (0x00000000c24a5620) thrown at [c:/BuildAgent/work/5ff2f6c26000d570/src/hotspot/share/interpreter/interpreterRuntime.cpp, line 797]
Event: 3225.530 Thread 0x0000000001dcd000 Exception <a 'java/lang/IllegalMonitorStateException'{0x00000000c24a58f0}> (0x00000000c24a58f0) thrown at [c:/BuildAgent/work/5ff2f6c26000d570/src/hotspot/share/interpreter/interpreterRuntime.cpp, line 797]
Event: 3225.530 Thread 0x0000000001dcd000 Exception <a 'java/lang/IllegalMonitorStateException'{0x00000000c24a5bc0}> (0x00000000c24a5bc0) thrown at [c:/BuildAgent/work/5ff2f6c26000d570/src/hotspot/share/interpreter/interpreterRuntime.cpp, line 797]
Event: 3225.530 Thread 0x0000000001dcd000 Exception <a 'java/lang/IllegalMonitorStateException'{0x00000000c24a5e90}> (0x00000000c24a5e90) thrown at [c:/BuildAgent/work/5ff2f6c26000d570/src/hotspot/share/interpreter/interpreterRuntime.cpp, line 797]
Event: 3225.530 Thread 0x0000000001dcd000 Exception <a 'java/lang/IllegalMonitorStateException'{0x00000000c24a6160}> (0x00000000c24a6160) thrown at [c:/BuildAgent/work/5ff2f6c26000d570/src/hotspot/share/interpreter/interpreterRuntime.cpp, line 797]
Event: 3225.530 Thread 0x0000000001dcd000 Exception <a 'java/lang/IllegalMonitorStateException'{0x00000000c24a6430}> (0x00000000c24a6430) thrown at [c:/BuildAgent/work/5ff2f6c26000d570/src/hotspot/share/interpreter/interpreterRuntime.cpp, line 797]

Events (20 events):
Event: 3220.754 Executing VM operation: GenCollectForAllocation
Event: 3220.754 Executing VM operation: GenCollectForAllocation done
Event: 3221.218 Executing VM operation: GenCollectForAllocation
Event: 3221.218 Executing VM operation: GenCollectForAllocation done
Event: 3222.215 Executing VM operation: GenCollectForAllocation
Event: 3222.217 Executing VM operation: GenCollectForAllocation done
Event: 3222.800 Executing VM operation: GenCollectForAllocation
Event: 3222.801 Executing VM operation: GenCollectForAllocation done
Event: 3223.261 Executing VM operation: GenCollectForAllocation
Event: 3223.261 Executing VM operation: GenCollectForAllocation done
Event: 3223.702 Executing VM operation: GenCollectForAllocation
Event: 3223.703 Executing VM operation: GenCollectForAllocation done
Event: 3224.083 Executing VM operation: GenCollectForAllocation
Event: 3224.084 Executing VM operation: GenCollectForAllocation done
Event: 3224.556 Executing VM operation: GenCollectForAllocation
Event: 3224.556 Executing VM operation: GenCollectForAllocation done
Event: 3225.102 Executing VM operation: GenCollectForAllocation
Event: 3225.103 Executing VM operation: GenCollectForAllocation done
Event: 3225.530 Thread 0x0000000019bb7000 Thread added: 0x0000000019bb7000
Event: 3225.530 Thread 0x0000000019bb7000 Thread exited: 0x0000000019bb7000


Dynamic libraries:
0x0000000140000000 - 0x0000000140148000 	C:\Program Files\JetBrains\PhpStorm 2019.3.3\bin\phpstorm64.exe
0x00007ffd15860000 - 0x00007ffd15a50000 	C:\WINDOWS\SYSTEM32\ntdll.dll
0x00007ffcf2a00000 - 0x00007ffcf2a13000 	C:\Program Files\Avast Software\Avast\aswhook.dll
0x00007ffd14770000 - 0x00007ffd14822000 	C:\WINDOWS\System32\KERNEL32.DLL
0x00007ffd12b30000 - 0x00007ffd12dd4000 	C:\WINDOWS\System32\KERNELBASE.dll
0x00007ffd14080000 - 0x00007ffd14214000 	C:\WINDOWS\System32\USER32.dll
0x00007ffd13790000 - 0x00007ffd137b1000 	C:\WINDOWS\System32\win32u.dll
0x00007ffd15500000 - 0x00007ffd15526000 	C:\WINDOWS\System32\GDI32.dll
0x00007ffd127f0000 - 0x00007ffd12984000 	C:\WINDOWS\System32\gdi32full.dll
0x00007ffd137c0000 - 0x00007ffd1385e000 	C:\WINDOWS\System32\msvcp_win.dll
0x00007ffd12990000 - 0x00007ffd12a8a000 	C:\WINDOWS\System32\ucrtbase.dll
0x00007ffd13d10000 - 0x00007ffd13db3000 	C:\WINDOWS\System32\ADVAPI32.dll
0x00007ffd13ed0000 - 0x00007ffd13f6e000 	C:\WINDOWS\System32\msvcrt.dll
0x00007ffd13e30000 - 0x00007ffd13ec7000 	C:\WINDOWS\System32\sechost.dll
0x00007ffd14bc0000 - 0x00007ffd14ce0000 	C:\WINDOWS\System32\RPCRT4.dll
0x00007ffd14e00000 - 0x00007ffd154e4000 	C:\WINDOWS\System32\SHELL32.dll
0x00007ffd138c0000 - 0x00007ffd1390a000 	C:\WINDOWS\System32\cfgmgr32.dll
0x00007ffd14ce0000 - 0x00007ffd14d89000 	C:\WINDOWS\System32\shcore.dll
0x00007ffd13970000 - 0x00007ffd13ca6000 	C:\WINDOWS\System32\combase.dll
0x00007ffd12ab0000 - 0x00007ffd12b30000 	C:\WINDOWS\System32\bcryptPrimitives.dll
0x00007ffd12de0000 - 0x00007ffd1355e000 	C:\WINDOWS\System32\windows.storage.dll
0x00007ffd12750000 - 0x00007ffd12773000 	C:\WINDOWS\System32\profapi.dll
0x00007ffd12780000 - 0x00007ffd127ca000 	C:\WINDOWS\System32\powrprof.dll
0x00007ffd12720000 - 0x00007ffd12730000 	C:\WINDOWS\System32\UMPDC.dll
0x00007ffd13ff0000 - 0x00007ffd14042000 	C:\WINDOWS\System32\shlwapi.dll
0x00007ffd12730000 - 0x00007ffd12741000 	C:\WINDOWS\System32\kernel.appcore.dll
0x00007ffd12a90000 - 0x00007ffd12aa7000 	C:\WINDOWS\System32\cryptsp.dll
0x00007ffd14050000 - 0x00007ffd1407e000 	C:\WINDOWS\System32\IMM32.DLL
0x00007ffce6a60000 - 0x00007ffce751b000 	C:\Program Files\JetBrains\PhpStorm 2019.3.3\jbr\bin\server\jvm.dll
0x00007ffd154f0000 - 0x00007ffd154f8000 	C:\WINDOWS\System32\PSAPI.DLL
0x00007ffd0ebc0000 - 0x00007ffd0ebc9000 	C:\WINDOWS\SYSTEM32\WSOCK32.dll
0x00007ffd13dc0000 - 0x00007ffd13e2f000 	C:\WINDOWS\System32\WS2_32.dll
0x00007ffd0f0b0000 - 0x00007ffd0f0d4000 	C:\WINDOWS\SYSTEM32\WINMM.dll
0x00007ffd0d2e0000 - 0x00007ffd0d2ea000 	C:\WINDOWS\SYSTEM32\VERSION.dll
0x00007ffd03f80000 - 0x00007ffd03f96000 	C:\WINDOWS\SYSTEM32\VCRUNTIME140.dll
0x00007ffd0f080000 - 0x00007ffd0f0ad000 	C:\WINDOWS\SYSTEM32\WINMMBASE.dll
0x00007ffd03390000 - 0x00007ffd033a1000 	C:\Program Files\JetBrains\PhpStorm 2019.3.3\jbr\bin\verify.dll
0x00007ffd0d780000 - 0x00007ffd0d974000 	C:\WINDOWS\SYSTEM32\DBGHELP.DLL
0x00007ffd0db30000 - 0x00007ffd0db5a000 	C:\WINDOWS\SYSTEM32\dbgcore.DLL
0x00007ffd03360000 - 0x00007ffd03389000 	C:\Program Files\JetBrains\PhpStorm 2019.3.3\jbr\bin\java.dll
0x00007ffd03340000 - 0x00007ffd03357000 	C:\Program Files\JetBrains\PhpStorm 2019.3.3\jbr\bin\zip.dll
0x00007ffd0ebe0000 - 0x00007ffd0ebeb000 	C:\Program Files\JetBrains\PhpStorm 2019.3.3\jbr\bin\jimage.dll
0x00007ffcfb290000 - 0x00007ffcfb2aa000 	C:\Program Files\JetBrains\PhpStorm 2019.3.3\jbr\bin\net.dll
0x00007ffd09530000 - 0x00007ffd09620000 	C:\WINDOWS\SYSTEM32\WINHTTP.dll
0x00007ffd11f30000 - 0x00007ffd11f97000 	C:\WINDOWS\system32\mswsock.dll
0x00007ffcfb270000 - 0x00007ffcfb284000 	C:\Program Files\JetBrains\PhpStorm 2019.3.3\jbr\bin\nio.dll

dbghelp: loaded successfully - version: 4.0.5 - missing functions: none
symbol engine: initialized successfully - sym options: 0x614 - pdb path: .;C:\Program Files\JetBrains\PhpStorm 2019.3.3\bin;C:\WINDOWS\SYSTEM32;C:\Program Files\Avast Software\Avast;C:\Program Files\JetBrains\PhpStorm 2019.3.3\jbr\bin\server;C:\Program Files\JetBrains\PhpStorm 2019.3.3\jbr\bin

VM Arguments:
jvm_args: exit -Xms128m -Xmx1011m -XX:ReservedCodeCacheSize=240m -XX:+UseConcMarkSweepGC -XX:SoftRefLRUPolicyMSPerMB=50 -ea -XX:CICompilerCount=2 -Dsun.io.useCanonPrefixCache=false -Djava.net.preferIPv4Stack=true -Djdk.http.auth.tunneling.disabledSchemes="" -XX:+HeapDumpOnOutOfMemoryError -XX:-OmitStackTraceInFastThrow -Djdk.attach.allowAttachSelf=true -Dkotlinx.coroutines.debug=off -Djdk.module.illegalAccess.silent=true -Djb.vmOptionsFile=C:\Users\hp2\.PhpStorm2019.3\config\phpstorm64.exe.vmoptions -Djava.library.path=C:\Program Files\JetBrains\PhpStorm 2019.3.3\jbr\\bin;C:\Program Files\JetBrains\PhpStorm 2019.3.3\jbr\\bin\server -Didea.platform.prefix=PhpStorm -Dide.native.launcher=true -Didea.paths.selector=PhpStorm2019.3 -XX:ErrorFile=C:\Users\hp2\java_error_in_phpstorm_%p.log -XX:HeapDumpPath=C:\Users\hp2\java_error_in_phpstorm.hprof 
java_command: <unknown>
java_class_path (initial): C:\Program Files\JetBrains\PhpStorm 2019.3.3\lib\bootstrap.jar;C:\Program Files\JetBrains\PhpStorm 2019.3.3\lib\extensions.jar;C:\Program Files\JetBrains\PhpStorm 2019.3.3\lib\util.jar;C:\Program Files\JetBrains\PhpStorm 2019.3.3\lib\jdom.jar;C:\Program Files\JetBrains\PhpStorm 2019.3.3\lib\log4j.jar;C:\Program Files\JetBrains\PhpStorm 2019.3.3\lib\trove4j.jar;C:\Program Files\JetBrains\PhpStorm 2019.3.3\lib\jna.jar
Launcher Type: generic

[Global flags]
     intx CICompilerCount                          = 2                                         {product} {command line}
    ccstr ErrorFile                                = C:\Users\hp2\java_error_in_phpstorm_%p.log            {product} {command line}
     bool HeapDumpOnOutOfMemoryError               = true                                   {manageable} {command line}
    ccstr HeapDumpPath                             = C:\Users\hp2\java_error_in_phpstorm.hprof         {manageable} {command line}
   size_t InitialHeapSize                          = 134217728                                 {product} {command line}
   size_t MaxHeapSize                              = 1061158912                                {product} {command line, ergonomic}
   size_t MaxNewSize                               = 348913664                                 {product} {ergonomic}
    uintx MaxTenuringThreshold                     = 6                                         {product} {ergonomic}
   size_t MinHeapDeltaBytes                        = 196608                                    {product} {ergonomic}
   size_t NewSize                                  = 44695552                                  {product} {ergonomic}
    uintx NonNMethodCodeHeapSize                   = 5825164                                {pd product} {ergonomic}
    uintx NonProfiledCodeHeapSize                  = 122916538                              {pd product} {ergonomic}
   size_t OldSize                                  = 89522176                                  {product} {ergonomic}
     bool OmitStackTraceInFastThrow                = false                                     {product} {command line}
    uintx ProfiledCodeHeapSize                     = 122916538                              {pd product} {ergonomic}
    uintx ReservedCodeCacheSize                    = 251658240                              {pd product} {command line}
     bool SegmentedCodeCache                       = true                                      {product} {ergonomic}
     intx SoftRefLRUPolicyMSPerMB                  = 50                                        {product} {command line}
     bool UseCompressedClassPointers               = true                                 {lp64_product} {ergonomic}
     bool UseCompressedOops                        = true                                 {lp64_product} {ergonomic}
     bool UseConcMarkSweepGC                       = true                                      {product} {command line}
     bool UseLargePagesIndividualAllocation        = false                                  {pd product} {ergonomic}

Logging:
Log output configuration:
 #0: stdout all=warning uptime,level,tags
 #1: stderr all=off uptime,level,tags

Environment Variables:
PATH=C:\WINDOWS\system32;C:\WINDOWS;C:\WINDOWS\System32\Wbem;C:\WINDOWS\System32\WindowsPowerShell\v1.0\;C:\xampp\php;C:\composer;C:\Program Files\nodejs\;C:\Program Files\Git\cmd;C:\WINDOWS\System32\OpenSSH\;C:\Users\hp2\AppData\Local\Programs\Python\Python38-32\Scripts\;C:\Users\hp2\AppData\Local\Programs\Python\Python38-32\;C:\Users\hp2\AppData\Local\Microsoft\WindowsApps;C:\Users\hp2\AppData\Local\Programs\Microsoft VS Code\bin;C:\Users\hp2\AppData\Roaming\Composer\vendor\bin;C:\Users\hp2\AppData\Roaming\npm;;C:\Program Files\JetBrains\PyCharm 2020.1.2\bin;
USERNAME=The Dev
OS=Windows_NT
PROCESSOR_IDENTIFIER=Intel64 Family 6 Model 60 Stepping 3, GenuineIntel



---------------  S Y S T E M  ---------------

OS: Windows 10 , 64 bit Build 18362 (10.0.18362.778)

CPU:total 4 (initial active 4) (2 cores per cpu, 2 threads per core) family 6 model 60 stepping 3, cmov, cx8, fxsr, mmx, sse, sse2, sse3, ssse3, sse4.1, sse4.2, popcnt, avx, avx2, aes, clmul, erms, lzcnt, ht, tsc, tscinvbit, bmi1, bmi2, fma

Memory: 4k page, system-wide physical 8089M (3967M free)
TotalPageFile size 9369M (AvailPageFile size 5039M)
current process WorkingSet (physical memory assigned to process): 61M, peak: 61M
current process commit charge ("private bytes"): 204M, peak: 204M

vm_info: OpenJDK 64-Bit Server VM (11.0.5+10-b520.38) for windows-amd64 JRE (11.0.5+10-b520.38), built on Jan 23 2020 07:58:32 by "" with MS VC++ 14.0 (VS2015)

END.
